ERROR: Can't open file (Invalid argument) D:\Git\public_share\Switch\ninjila\extract/Next/Content/Asset/Common/Stage/TestFRMesh/Box_ø†êû¶´¿I?_StaticMesh.uasset
FFileArchive::OpenFile <- FFileReader::FFileReader: D:\Git\public_share\Switch\ninjila\extract/Next/Content/Asset/Common/Stage/TestFRMesh/Box_ø†êû¶´¿I?_StaticMesh.uasset <- UnPackage::UnPackage: Next/Content/Asset/Common/Stage/TestFRMesh/Box_ø†êû¶´¿I?_StaticMesh.uasset, ver=100000/0, game=0 <- UnPackage::LoadPackage(info): Next/Content/Asset/Common/Stage/TestFRMesh/Box_ø†êû¶´¿I?_StaticMesh.uasset <- ScanContent <- UIMenuItem::HandleCommand <- UIMenu::Popup <- UIBaseDialog::WndProc


******** Loading object SkeletalMesh4'Msh_Chr_Pl00040000_Head_Sk.Msh_Chr_Pl00040000_Head_Sk' ********

ERROR: RawArray item size mismatch: expected 0, serialized 1

SerializeBulkArray <- FSkinWeightVertexBuffer<< <- FStaticLODModel4::SerializeStreamedData <- FStaticLODModel4::SerializeRenderItem <- TArray::Serialize: 0/4 <- USkeletalMesh4::Serialize <- LoadObject: SkeletalMesh4'Msh_Chr_Pl00040000_Head_Sk.Msh_Chr_Pl00040000_Head_Sk', pos=5E53E, ver=518/0 (unversioned), game=ue4.25 <- UObject::EndLoad <- LoadWholePackage: Next/Content/Asset/Common/Character/Avatar/Meshes/Head/Msh_Chr_Pl00040000_Head_Sk.uasset <- CUmodelApp::ShowPackageUI <- CUmodelApp::ProcessKey: key=6F, down=1 <- VisualizerLoop <- Main: umodel_build=1401


******** Loading object SkeletalMesh4'Msh_Chr_Pl00070000_Head_Sk.Msh_Chr_Pl00070000_Head_Sk' ********

ERROR: RawArray item size mismatch: expected 0, serialized 1

SerializeBulkArray <- FSkinWeightVertexBuffer<< <- FStaticLODModel4::SerializeStreamedData <- FStaticLODModel4::SerializeRenderItem <- TArray::Serialize: 0/4 <- USkeletalMesh4::Serialize <- LoadObject: SkeletalMesh4'Msh_Chr_Pl00070000_Head_Sk.Msh_Chr_Pl00070000_Head_Sk', pos=5974E, ver=518/0 (unversioned), game=ue4.25 <- UObject::EndLoad <- LoadWholePackage: Next/Content/Asset/Common/Character/Avatar/Meshes/Head/Msh_Chr_Pl00070000_Head_Sk.uasset <- CUmodelApp::ShowPackageUI <- Main: umodel_build=1401

ERROR: Can't open file (Invalid argument) D:\Git\public_share\Switch\ninjila\extract/Next/Content/Asset/Common/Stage/TestFRMesh/Box_ø†êû¶´¿I?_StaticMesh.uasset
FFileArchive::OpenFile <- FFileReader::FFileReader: D:\Git\public_share\Switch\ninjila\extract/Next/Content/Asset/Common/Stage/TestFRMesh/Box_ø†êû¶´¿I?_StaticMesh.uasset <- ScanPackage: Next/Content/Asset/Common/Stage/TestFRMesh/Box_ø†êû¶´¿I?_StaticMesh.uasset <- appEnumGameFilesWorker <- UIMenuItem::HandleCommand <- UIMenu::Popup <- UIBaseDialog::WndProc <- UIBaseDialog::CustomMessageLoop <- UIBaseDialog::ShowDialog: modal=1, title="Choose a package to open" <- CUmodelApp::ShowPackageUI <- Main: umodel_build=1401


******** Next/Content/Asset/Common/Character/Accessary/Textures/T_Chr_Ac04060000_Cream_Nor.uasset ********

ERROR: Can't open file (Invalid argument) D:\Git\public_share\Switch\ninjila\extract/Next/Content/Asset/Common/Stage/TestFRMesh/Box_ø†êû¶´¿I?_StaticMesh.uasset
FFileArchive::OpenFile <- FFileReader::FFileReader: D:\Git\public_share\Switch\ninjila\extract/Next/Content/Asset/Common/Stage/TestFRMesh/Box_ø†êû¶´¿I?_StaticMesh.uasset <- UnPackage::UnPackage: Next/Content/Asset/Common/Stage/TestFRMesh/Box_ø†êû¶´¿I?_StaticMesh.uasset, ver=100000/0, game=0 <- UnPackage::LoadPackage(info): Next/Content/Asset/Common/Stage/TestFRMesh/Box_ø†êû¶´¿I?_StaticMesh.uasset <- UIMenuItem::HandleCommand <- UIMenu::Popup <- UIBaseDialog::WndProc <- UIBaseDialog::CustomMessageLoop <- UIBaseDialog::ShowDialog: modal=1, title="Choose a package to open" <- CUmodelApp::ShowPackageUI <- Main: umodel_build=1401


******** Next/Content/Asset/Common/UI/Title/Texture/T_UI_Title_Logo_02.uasset ********

ERROR: Can't open file (Invalid argument) D:\Git\public_share\Switch\ninjila\extract/Next/Content/Asset/Common/Stage/TestFRMesh/Box_ø†êû¶´¿I?_StaticMesh.uasset
FFileArchive::OpenFile <- FFileReader::FFileReader: D:\Git\public_share\Switch\ninjila\extract/Next/Content/Asset/Common/Stage/TestFRMesh/Box_ø†êû¶´¿I?_StaticMesh.uasset <- UnPackage::UnPackage: Next/Content/Asset/Common/Stage/TestFRMesh/Box_ø†êû¶´¿I?_StaticMesh.uasset, ver=100000/0, game=0 <- UnPackage::LoadPackage(info): Next/Content/Asset/Common/Stage/TestFRMesh/Box_ø†êû¶´¿I?_StaticMesh.uasset <- UIMenuItem::HandleCommand <- UIMenu::Popup <- UIBaseDialog::WndProc <- UIBaseDialog::CustomMessageLoop <- UIBaseDialog::ShowDialog: modal=1, title="Choose a package to open" <- CUmodelApp::ShowPackageUI <- Main: umodel_build=1401


******** Loading object SkeletalMesh4'Msh_Chr_En00300000_Bottle_Sk.Msh_Chr_En00300000_Bottle_Sk' ********

ERROR: TArray: index 6 is out of range (6)
ProcessVerts <- ConvertLod: lod=3 <- USkeletalMesh4::ConvertMesh <- USkeletalMesh4::Serialize <- LoadObject: SkeletalMesh4'Msh_Chr_En00300000_Bottle_Sk.Msh_Chr_En00300000_Bottle_Sk', pos=F2F23, ver=518/0 (unversioned), game=ue4.24 <- UObject::EndLoad <- LoadWholePackage: Next/Content/Asset/Common/Character/Enemy/Meshes/Msh_Chr_En00300000_Bottle_Sk.uasset <- ExportPackages <- UIMenuItem::HandleCommand <- UIMenu::Popup <- UIBaseDialog::WndProc <- UIBaseDialog::CustomMessageLoop <- UIBaseDialog::ShowDialog: modal=1, title="Choose a package to open" <- CUmodelApp::ShowPackageUI <- Main: umodel_build=1401


******** Loading object SkeletalMesh4'Msh_Chr_En00300000_Bottle_Sk.Msh_Chr_En00300000_Bottle_Sk' ********

ERROR: TArray: index 6 is out of range (6)
ProcessVerts <- ConvertLod: lod=3 <- USkeletalMesh4::ConvertMesh <- USkeletalMesh4::Serialize <- LoadObject: SkeletalMesh4'Msh_Chr_En00300000_Bottle_Sk.Msh_Chr_En00300000_Bottle_Sk', pos=F2F23, ver=518/0 (unversioned), game=ue4.24 <- UObject::EndLoad <- LoadWholePackage: Next/Content/Asset/Common/Character/Enemy/Meshes/Msh_Chr_En00300000_Bottle_Sk.uasset <- ExportPackages <- UIMenuItem::HandleCommand <- UIMenu::Popup <- UIBaseDialog::WndProc <- UIBaseDialog::CustomMessageLoop <- UIBaseDialog::ShowDialog: modal=1, title="Choose a package to open" <- CUmodelApp::ShowPackageUI <- Main: umodel_build=1401


******** Loading object SkeletalMesh4'Msh_Chr_En00300000_Bottle_Sk.Msh_Chr_En00300000_Bottle_Sk' ********

ERROR: TArray: index 6 is out of range (6)
ProcessVerts <- ConvertLod: lod=3 <- USkeletalMesh4::ConvertMesh <- USkeletalMesh4::Serialize <- LoadObject: SkeletalMesh4'Msh_Chr_En00300000_Bottle_Sk.Msh_Chr_En00300000_Bottle_Sk', pos=F2F23, ver=518/0 (unversioned), game=ue4.24 <- UObject::EndLoad <- LoadWholePackage: Next/Content/Asset/Common/Character/Enemy/Meshes/Msh_Chr_En00300000_Bottle_Sk.uasset <- ExportPackages <- UIMenuItem::HandleCommand <- UIMenu::Popup <- UIBaseDialog::WndProc <- UIBaseDialog::CustomMessageLoop <- UIBaseDialog::ShowDialog: modal=1, title="Choose a package to open" <- CUmodelApp::ShowPackageUI <- Main: umodel_build=1401


******** Loading object SkeletalMesh4'Msh_Chr_En00300000_Bottle_Sk.Msh_Chr_En00300000_Bottle_Sk' ********

ERROR: TArray: index 6 is out of range (6)
ProcessVerts <- ConvertLod: lod=3 <- USkeletalMesh4::ConvertMesh <- USkeletalMesh4::Serialize <- LoadObject: SkeletalMesh4'Msh_Chr_En00300000_Bottle_Sk.Msh_Chr_En00300000_Bottle_Sk', pos=F2F23, ver=518/0 (unversioned), game=ue4.24 <- UObject::EndLoad <- LoadWholePackage: Next/Content/Asset/Common/Character/Enemy/Meshes/Msh_Chr_En00300000_Bottle_Sk.uasset <- ExportPackages <- UIMenuItem::HandleCommand <- UIMenu::Popup <- UIBaseDialog::WndProc <- UIBaseDialog::CustomMessageLoop <- UIBaseDialog::ShowDialog: modal=1, title="Choose a package to open" <- CUmodelApp::ShowPackageUI <- Main: umodel_build=1401


******** Loading object StaticMesh4'Msh_Chr_Ac00010000_Glasses_St.Msh_Chr_Ac00010000_Glasses_St' ********

ERROR: Serializing behind stopper (54F+17280000 > D660)
FFileReader::Serialize: File=Msh_Chr_Ac00010000_Glasses_St.uexp <- TArray::SerializeSimple <- SerializeBulkArray <- FPositionVertexBuffer4<< <- FStaticMeshLODModel4::SerializeBuffersLegacy <- FStaticMeshLODModel4<< <- TArray::Serialize: 0/4 <- UStaticMesh4::Serialize <- LoadObject: StaticMesh4'Msh_Chr_Ac00010000_Glasses_St.Msh_Chr_Ac00010000_Glasses_St', pos=EEA, ver=513/0 (unversioned), game=ue4.16 <- UObject::EndLoad <- LoadWholePackage: Next/Content/Asset/Common/Character/Accessary/Meshes/Msh_Chr_Ac00010000_Glasses_St.uasset <- CUmodelApp::ShowPackageUI <- Main: umodel_build=1401


******** Loading object SkeletalMesh4'Msh_Chr_Pl00010000_Body_Sk.Msh_Chr_Pl00010000_Body_Sk' ********

ERROR: Serializing behind stopper (37B8F+4000200 > 8E1FC)
FFileReader::Serialize: File=Msh_Chr_Pl00010000_Body_Sk.uexp <- TArray::SerializeSimple <- FStaticLODModel4::SerializeRenderItem_Legacy <- FStaticLODModel4::SerializeRenderItem <- TArray::Serialize: 0/4 <- USkeletalMesh4::Serialize <- LoadObject: SkeletalMesh4'Msh_Chr_Pl00010000_Body_Sk.Msh_Chr_Pl00010000_Body_Sk', pos=393D2, ver=517/0 (unversioned), game=ue4.23 <- UObject::EndLoad <- LoadWholePackage: Next/Content/Asset/Common/Character/Avatar/Meshes/Body/Msh_Chr_Pl00010000_Body_Sk.uasset <- CUmodelApp::ShowPackageUI <- Main: umodel_build=1401


******** Loading object SkeletalMesh4'Msh_Chr_Pl00010000_Body_Sk.Msh_Chr_Pl00010000_Body_Sk' ********

ERROR: RawArray item size mismatch: expected 2, serialized 1

SerializeBulkArray <- FSkinWeightVertexBuffer<< <- FStaticLODModel4::SerializeStreamedData <- FStaticLODModel4::SerializeRenderItem <- TArray::Serialize: 0/4 <- USkeletalMesh4::Serialize <- LoadObject: SkeletalMesh4'Msh_Chr_Pl00010000_Body_Sk.Msh_Chr_Pl00010000_Body_Sk', pos=6191B, ver=518/0 (unversioned), game=ue4.25 <- UObject::EndLoad <- LoadWholePackage: Next/Content/Asset/Common/Character/Avatar/Meshes/Body/Msh_Chr_Pl00010000_Body_Sk.uasset <- CUmodelApp::ShowPackageUI <- Main: umodel_build=1401


******** Loading object SkeletalMesh4'Msh_Chr_En00300000_Bottle_Sk.Msh_Chr_En00300000_Bottle_Sk' ********

ERROR: TArray: index 6 is out of range (6)
ProcessVerts <- ConvertLod: lod=3 <- USkeletalMesh4::ConvertMesh <- USkeletalMesh4::Serialize <- LoadObject: SkeletalMesh4'Msh_Chr_En00300000_Bottle_Sk.Msh_Chr_En00300000_Bottle_Sk', pos=F2F23, ver=518/0 (unversioned), game=ue4.24 <- UObject::EndLoad <- LoadWholePackage: Next/Content/Asset/Common/Character/Enemy/Meshes/Msh_Chr_En00300000_Bottle_Sk.uasset <- ExportPackages <- UIMenuItem::HandleCommand <- UIMenu::Popup <- UIBaseDialog::WndProc <- UIBaseDialog::CustomMessageLoop <- UIBaseDialog::ShowDialog: modal=1, title="Choose a package to open" <- CUmodelApp::ShowPackageUI <- Main: umodel_build=1401


******** Loading object SkeletalMesh4'Msh_Chr_En00300000_Bottle_Sk.Msh_Chr_En00300000_Bottle_Sk' ********

ERROR: TArray: index 6 is out of range (6)
ProcessVerts <- ConvertLod: lod=3 <- USkeletalMesh4::ConvertMesh <- USkeletalMesh4::Serialize <- LoadObject: SkeletalMesh4'Msh_Chr_En00300000_Bottle_Sk.Msh_Chr_En00300000_Bottle_Sk', pos=F2F23, ver=518/0 (unversioned), game=ue4.24 <- UObject::EndLoad <- LoadWholePackage: Next/Content/Asset/Common/Character/Enemy/Meshes/Msh_Chr_En00300000_Bottle_Sk.uasset <- ExportPackages <- UIMenuItem::HandleCommand <- UIMenu::Popup <- UIBaseDialog::WndProc <- UIBaseDialog::CustomMessageLoop <- UIBaseDialog::ShowDialog: modal=1, title="Choose a package to open" <- CUmodelApp::ShowPackageUI <- Main: umodel_build=1401


******** Loading object SkeletalMesh4'Msh_Chr_En00300000_Bottle_Sk.Msh_Chr_En00300000_Bottle_Sk' ********

ERROR: TArray: index 6 is out of range (6)
ProcessVerts <- ConvertLod: lod=3 <- USkeletalMesh4::ConvertMesh <- USkeletalMesh4::Serialize <- LoadObject: SkeletalMesh4'Msh_Chr_En00300000_Bottle_Sk.Msh_Chr_En00300000_Bottle_Sk', pos=F2F23, ver=518/0 (unversioned), game=ue4.24 <- UObject::EndLoad <- LoadWholePackage: Next/Content/Asset/Common/Character/Enemy/Meshes/Msh_Chr_En00300000_Bottle_Sk.uasset <- ExportPackages <- CUmodelApp::ShowPackageUI <- Main: umodel_build=1401


******** Loading object StaticMesh4'Msh_Chr_Ac00020002_Visor_St.Msh_Chr_Ac00020002_Visor_St' ********

ERROR: Serializing behind stopper (54F+1DF40000 > 10358)
FFileReader::Serialize: File=Msh_Chr_Ac00020002_Visor_St.uexp <- TArray::SerializeSimple <- SerializeBulkArray <- FPositionVertexBuffer4<< <- FStaticMeshLODModel4::SerializeBuffersLegacy <- FStaticMeshLODModel4<< <- TArray::Serialize: 0/4 <- UStaticMesh4::Serialize <- LoadObject: StaticMesh4'Msh_Chr_Ac00020002_Visor_St.Msh_Chr_Ac00020002_Visor_St', pos=EE2, ver=517/0 (unversioned), game=ue4.21 <- UObject::EndLoad <- LoadWholePackage: Character/Accessary/Meshes/Msh_Chr_Ac00020002_Visor_St.uasset <- CUmodelApp::ShowPackageUI <- Main: umodel_build=1401

